mode: set
github.com/acamarata/nself-tv/pkg/storage/hybrid.go:30.99,31.18 1 1
github.com/acamarata/nself-tv/pkg/storage/hybrid.go:31.18,33.3 1 0
github.com/acamarata/nself-tv/pkg/storage/hybrid.go:34.2,34.15 1 1
github.com/acamarata/nself-tv/pkg/storage/hybrid.go:34.15,36.3 1 0
github.com/acamarata/nself-tv/pkg/storage/hybrid.go:37.2,37.21 1 1
github.com/acamarata/nself-tv/pkg/storage/hybrid.go:37.21,39.3 1 0
github.com/acamarata/nself-tv/pkg/storage/hybrid.go:41.2,50.34 2 1
github.com/acamarata/nself-tv/pkg/storage/hybrid.go:50.34,53.3 2 1
github.com/acamarata/nself-tv/pkg/storage/hybrid.go:55.2,55.15 1 1
github.com/acamarata/nself-tv/pkg/storage/hybrid.go:59.39,64.2 4 1
github.com/acamarata/nself-tv/pkg/storage/hybrid.go:66.38,69.6 2 1
github.com/acamarata/nself-tv/pkg/storage/hybrid.go:69.6,70.10 1 1
github.com/acamarata/nself-tv/pkg/storage/hybrid.go:71.19,72.10 1 0
github.com/acamarata/nself-tv/pkg/storage/hybrid.go:73.33,74.11 1 1
github.com/acamarata/nself-tv/pkg/storage/hybrid.go:74.11,76.5 1 1
github.com/acamarata/nself-tv/pkg/storage/hybrid.go:77.4,77.19 1 0
github.com/acamarata/nself-tv/pkg/storage/hybrid.go:82.47,87.16 3 0
github.com/acamarata/nself-tv/pkg/storage/hybrid.go:87.16,90.3 2 0
github.com/acamarata/nself-tv/pkg/storage/hybrid.go:91.2,94.75 2 0
github.com/acamarata/nself-tv/pkg/storage/hybrid.go:94.75,97.3 2 0
github.com/acamarata/nself-tv/pkg/storage/hybrid.go:99.2,99.68 1 0
github.com/acamarata/nself-tv/pkg/storage/hybrid.go:102.116,104.71 1 0
github.com/acamarata/nself-tv/pkg/storage/hybrid.go:104.71,106.3 1 0
github.com/acamarata/nself-tv/pkg/storage/hybrid.go:109.2,109.9 1 0
github.com/acamarata/nself-tv/pkg/storage/hybrid.go:110.66,110.66 0 0
github.com/acamarata/nself-tv/pkg/storage/hybrid.go:112.10,114.77 1 0
github.com/acamarata/nself-tv/pkg/storage/hybrid.go:117.2,117.12 1 0
github.com/acamarata/nself-tv/pkg/storage/hybrid.go:120.85,123.16 2 0
github.com/acamarata/nself-tv/pkg/storage/hybrid.go:123.16,125.3 1 0
github.com/acamarata/nself-tv/pkg/storage/hybrid.go:128.2,129.16 2 0
github.com/acamarata/nself-tv/pkg/storage/hybrid.go:129.16,131.3 1 0
github.com/acamarata/nself-tv/pkg/storage/hybrid.go:134.2,136.20 2 0
github.com/acamarata/nself-tv/pkg/storage/hybrid.go:139.53,144.16 3 0
github.com/acamarata/nself-tv/pkg/storage/hybrid.go:144.16,147.3 2 0
github.com/acamarata/nself-tv/pkg/storage/hybrid.go:148.2,151.85 2 0
github.com/acamarata/nself-tv/pkg/storage/hybrid.go:151.85,154.3 2 0
github.com/acamarata/nself-tv/pkg/storage/hybrid.go:156.2,156.61 1 0
github.com/acamarata/nself-tv/pkg/storage/hybrid.go:159.71,167.37 4 0
github.com/acamarata/nself-tv/pkg/storage/hybrid.go:167.37,169.3 1 0
github.com/acamarata/nself-tv/pkg/storage/hybrid.go:171.2,171.12 1 0
github.com/acamarata/nself-tv/pkg/storage/hybrid.go:174.84,181.32 4 0
github.com/acamarata/nself-tv/pkg/storage/hybrid.go:181.32,183.3 1 0
github.com/acamarata/nself-tv/pkg/storage/hybrid.go:184.2,184.29 1 0
github.com/acamarata/nself-tv/pkg/storage/hybrid.go:184.29,186.3 1 0
github.com/acamarata/nself-tv/pkg/storage/hybrid.go:189.2,190.26 2 0
github.com/acamarata/nself-tv/pkg/storage/hybrid.go:190.26,192.3 1 0
github.com/acamarata/nself-tv/pkg/storage/hybrid.go:195.2,195.37 1 0
github.com/acamarata/nself-tv/pkg/storage/hybrid.go:195.37,197.3 1 0
github.com/acamarata/nself-tv/pkg/storage/hybrid.go:199.2,199.18 1 0
github.com/acamarata/nself-tv/pkg/storage/hybrid.go:202.79,205.26 2 0
github.com/acamarata/nself-tv/pkg/storage/hybrid.go:205.26,207.3 1 0
github.com/acamarata/nself-tv/pkg/storage/hybrid.go:210.2,211.16 2 0
github.com/acamarata/nself-tv/pkg/storage/hybrid.go:211.16,213.3 1 0
github.com/acamarata/nself-tv/pkg/storage/hybrid.go:215.2,215.20 1 0
github.com/acamarata/nself-tv/pkg/storage/hybrid.go:218.100,223.31 3 0
github.com/acamarata/nself-tv/pkg/storage/hybrid.go:223.31,225.3 1 0
github.com/acamarata/nself-tv/pkg/storage/hybrid.go:228.2,228.14 1 0
github.com/acamarata/nself-tv/pkg/storage/hybrid.go:228.14,230.3 1 0
github.com/acamarata/nself-tv/pkg/storage/hybrid.go:233.2,233.38 1 0
github.com/acamarata/nself-tv/pkg/storage/hybrid.go:236.110,239.16 2 0
github.com/acamarata/nself-tv/pkg/storage/hybrid.go:239.16,241.3 1 0
github.com/acamarata/nself-tv/pkg/storage/hybrid.go:244.2,245.16 2 0
github.com/acamarata/nself-tv/pkg/storage/hybrid.go:245.16,247.3 1 0
github.com/acamarata/nself-tv/pkg/storage/hybrid.go:250.2,252.20 2 0
github.com/acamarata/nself-tv/pkg/storage/local.go:18.62,20.52 1 1
github.com/acamarata/nself-tv/pkg/storage/local.go:20.52,22.3 1 0
github.com/acamarata/nself-tv/pkg/storage/local.go:24.2,26.8 1 1
github.com/acamarata/nself-tv/pkg/storage/local.go:29.115,33.66 2 1
github.com/acamarata/nself-tv/pkg/storage/local.go:33.66,35.3 1 0
github.com/acamarata/nself-tv/pkg/storage/local.go:38.2,39.16 2 1
github.com/acamarata/nself-tv/pkg/storage/local.go:39.16,41.3 1 0
github.com/acamarata/nself-tv/pkg/storage/local.go:42.2,45.47 2 1
github.com/acamarata/nself-tv/pkg/storage/local.go:45.47,47.3 1 0
github.com/acamarata/nself-tv/pkg/storage/local.go:49.2,49.12 1 1
github.com/acamarata/nself-tv/pkg/storage/local.go:52.84,55.16 3 1
github.com/acamarata/nself-tv/pkg/storage/local.go:55.16,57.3 1 1
github.com/acamarata/nself-tv/pkg/storage/local.go:58.2,58.18 1 1
github.com/acamarata/nself-tv/pkg/storage/local.go:61.70,63.67 2 1
github.com/acamarata/nself-tv/pkg/storage/local.go:63.67,65.3 1 0
github.com/acamarata/nself-tv/pkg/storage/local.go:66.2,66.12 1 1
github.com/acamarata/nself-tv/pkg/storage/local.go:69.83,73.88 3 1
github.com/acamarata/nself-tv/pkg/storage/local.go:73.88,74.17 1 1
github.com/acamarata/nself-tv/pkg/storage/local.go:74.17,76.4 1 1
github.com/acamarata/nself-tv/pkg/storage/local.go:77.3,77.20 1 1
github.com/acamarata/nself-tv/pkg/storage/local.go:77.20,79.18 2 1
github.com/acamarata/nself-tv/pkg/storage/local.go:79.18,81.5 1 0
github.com/acamarata/nself-tv/pkg/storage/local.go:82.4,82.50 1 1
github.com/acamarata/nself-tv/pkg/storage/local.go:84.3,84.13 1 1
github.com/acamarata/nself-tv/pkg/storage/local.go:87.2,87.39 1 1
github.com/acamarata/nself-tv/pkg/storage/local.go:87.39,89.3 1 0
github.com/acamarata/nself-tv/pkg/storage/local.go:91.2,91.18 1 1
github.com/acamarata/nself-tv/pkg/storage/local.go:94.78,97.16 3 1
github.com/acamarata/nself-tv/pkg/storage/local.go:97.16,99.3 1 1
github.com/acamarata/nself-tv/pkg/storage/local.go:100.2,100.24 1 1
github.com/acamarata/nself-tv/pkg/storage/local.go:100.24,102.3 1 1
github.com/acamarata/nself-tv/pkg/storage/local.go:103.2,103.69 1 0
github.com/acamarata/nself-tv/pkg/storage/local.go:106.99,110.16 3 1
github.com/acamarata/nself-tv/pkg/storage/local.go:110.16,112.3 1 0
github.com/acamarata/nself-tv/pkg/storage/local.go:113.2,113.13 1 1
github.com/acamarata/nself-tv/pkg/storage/local.go:113.13,115.3 1 1
github.com/acamarata/nself-tv/pkg/storage/local.go:116.2,116.34 1 1
github.com/acamarata/nself-tv/pkg/storage/local.go:119.109,122.16 3 1
github.com/acamarata/nself-tv/pkg/storage/local.go:122.16,124.3 1 1
github.com/acamarata/nself-tv/pkg/storage/local.go:127.2,127.59 1 1
github.com/acamarata/nself-tv/pkg/storage/local.go:127.59,130.3 2 0
github.com/acamarata/nself-tv/pkg/storage/local.go:133.2,133.16 1 1
github.com/acamarata/nself-tv/pkg/storage/local.go:133.16,138.3 1 1
github.com/acamarata/nself-tv/pkg/storage/local.go:140.2,140.18 1 1
github.com/acamarata/nself-tv/pkg/storage/s3.go:27.110,28.18 1 1
github.com/acamarata/nself-tv/pkg/storage/s3.go:28.18,30.3 1 0
github.com/acamarata/nself-tv/pkg/storage/s3.go:33.2,39.20 2 1
github.com/acamarata/nself-tv/pkg/storage/s3.go:39.20,41.3 1 1
github.com/acamarata/nself-tv/pkg/storage/s3.go:43.2,44.16 2 1
github.com/acamarata/nself-tv/pkg/storage/s3.go:44.16,46.3 1 0
github.com/acamarata/nself-tv/pkg/storage/s3.go:48.2,54.8 1 1
github.com/acamarata/nself-tv/pkg/storage/s3.go:57.112,69.16 3 0
github.com/acamarata/nself-tv/pkg/storage/s3.go:69.16,71.3 1 0
github.com/acamarata/nself-tv/pkg/storage/s3.go:73.2,73.12 1 0
github.com/acamarata/nself-tv/pkg/storage/s3.go:76.81,83.16 3 0
github.com/acamarata/nself-tv/pkg/storage/s3.go:83.16,85.3 1 0
github.com/acamarata/nself-tv/pkg/storage/s3.go:87.2,87.25 1 0
github.com/acamarata/nself-tv/pkg/storage/s3.go:90.67,97.16 3 0
github.com/acamarata/nself-tv/pkg/storage/s3.go:97.16,99.3 1 0
github.com/acamarata/nself-tv/pkg/storage/s3.go:101.2,101.12 1 0
github.com/acamarata/nself-tv/pkg/storage/s3.go:104.80,111.115 3 0
github.com/acamarata/nself-tv/pkg/storage/s3.go:111.115,112.37 1 0
github.com/acamarata/nself-tv/pkg/storage/s3.go:112.37,113.22 1 0
github.com/acamarata/nself-tv/pkg/storage/s3.go:113.22,115.5 1 0
github.com/acamarata/nself-tv/pkg/storage/s3.go:117.3,117.19 1 0
github.com/acamarata/nself-tv/pkg/storage/s3.go:120.2,120.16 1 0
github.com/acamarata/nself-tv/pkg/storage/s3.go:120.16,122.3 1 0
github.com/acamarata/nself-tv/pkg/storage/s3.go:124.2,124.18 1 0
github.com/acamarata/nself-tv/pkg/storage/s3.go:127.75,134.16 3 0
github.com/acamarata/nself-tv/pkg/storage/s3.go:134.16,135.88 1 0
github.com/acamarata/nself-tv/pkg/storage/s3.go:135.88,137.4 1 0
github.com/acamarata/nself-tv/pkg/storage/s3.go:138.3,138.72 1 0
github.com/acamarata/nself-tv/pkg/storage/s3.go:141.2,141.18 1 0
github.com/acamarata/nself-tv/pkg/storage/s3.go:144.96,147.16 2 0
github.com/acamarata/nself-tv/pkg/storage/s3.go:147.16,149.3 1 0
github.com/acamarata/nself-tv/pkg/storage/s3.go:150.2,150.13 1 0
github.com/acamarata/nself-tv/pkg/storage/s3.go:150.13,152.3 1 0
github.com/acamarata/nself-tv/pkg/storage/s3.go:155.2,162.16 4 0
github.com/acamarata/nself-tv/pkg/storage/s3.go:162.16,164.3 1 0
github.com/acamarata/nself-tv/pkg/storage/s3.go:166.2,166.17 1 0
github.com/acamarata/nself-tv/pkg/storage/s3.go:169.106,176.30 2 0
github.com/acamarata/nself-tv/pkg/storage/s3.go:176.30,178.17 2 0
github.com/acamarata/nself-tv/pkg/storage/s3.go:178.17,180.4 1 0
github.com/acamarata/nself-tv/pkg/storage/s3.go:180.9,182.4 1 0
github.com/acamarata/nself-tv/pkg/storage/s3.go:183.3,183.40 1 0
github.com/acamarata/nself-tv/pkg/storage/s3.go:186.2,187.16 2 0
github.com/acamarata/nself-tv/pkg/storage/s3.go:187.16,189.3 1 0
github.com/acamarata/nself-tv/pkg/storage/s3.go:191.2,191.25 1 0
github.com/acamarata/nself-tv/pkg/storage/storage.go:48.39,49.21 1 1
github.com/acamarata/nself-tv/pkg/storage/storage.go:50.15,51.40 1 1
github.com/acamarata/nself-tv/pkg/storage/storage.go:53.12,61.4 1 1
github.com/acamarata/nself-tv/pkg/storage/storage.go:63.16,65.17 2 1
github.com/acamarata/nself-tv/pkg/storage/storage.go:65.17,67.4 1 0
github.com/acamarata/nself-tv/pkg/storage/storage.go:69.3,77.17 2 1
github.com/acamarata/nself-tv/pkg/storage/storage.go:77.17,79.4 1 0
github.com/acamarata/nself-tv/pkg/storage/storage.go:81.3,81.56 1 1
github.com/acamarata/nself-tv/pkg/storage/storage.go:83.10,84.69 1 1
